[0.149s] DEBUG:colcon:Command line arguments: ['/usr/bin/colcon', 'build']
[0.149s] DEBUG:colcon:Parsed command line arguments: Namespace(ament_cmake_args=None, base_paths=['.'], build_base='build', catkin_cmake_args=None, catkin_skip_building_tests=False, cmake_args=None, cmake_clean_cache=False, cmake_clean_first=False, cmake_force_configure=False, cmake_target=None, cmake_target_skip_unavailable=False, continue_on_error=False, event_handlers=None, executor='parallel', ignore_user_meta=False, install_base='install', log_base=None, log_level=None, main=<bound method BuildVerb.main of <colcon_core.verb.build.BuildVerb object at 0x7e1f591176d0>>, merge_install=False, metas=['./colcon.meta'], mixin=None, mixin_files=None, mixin_verb=('build',), packages_above=None, packages_above_and_dependencies=None, packages_above_depth=None, packages_end=None, packages_ignore=None, packages_ignore_regex=None, packages_select=None, packages_select_build_failed=False, packages_select_by_dep=None, packages_select_regex=None, packages_select_test_failures=False, packages_skip=None, packages_skip_build_finished=False, packages_skip_by_dep=None, packages_skip_regex=None, packages_skip_test_passed=False, packages_skip_up_to=None, packages_start=None, packages_up_to=None, packages_up_to_regex=None, parallel_workers=16, paths=None, symlink_install=False, test_result_base=None, verb_extension=<colcon_core.verb.build.BuildVerb object at 0x7e1f591176d0>, verb_name='build', verb_parser=<colcon_mixin.mixin.mixin_argument.MixinArgumentDecorator object at 0x7e1f59117d30>)
[0.164s] Level 1:colcon.colcon_core.package_discovery:discover_packages(colcon_meta) check parameters
[0.164s] INFO:colcon.colcon_metadata.package_discovery.colcon_meta:Using configuration from '/root/.colcon/metadata/default/Gazebo.meta'
[0.165s] INFO:colcon.colcon_metadata.package_discovery.colcon_meta:Using configuration from '/root/.colcon/metadata/default/fastdds.meta'
[0.165s] INFO:colcon.colcon_metadata.package_discovery.colcon_meta:Using configuration from '/root/.colcon/metadata/default/fastrtps.meta'
[0.165s] Level 1:colcon.colcon_core.package_discovery:discover_packages(recursive) check parameters
[0.165s] Level 1:colcon.colcon_core.package_discovery:discover_packages(ignore) check parameters
[0.165s] Level 1:colcon.colcon_core.package_discovery:discover_packages(path) check parameters
[0.165s] Level 1:colcon.colcon_core.package_discovery:discover_packages(colcon_meta) discover
[0.165s] Level 1:colcon.colcon_core.package_discovery:discover_packages(recursive) discover
[0.165s] INFO:colcon.colcon_core.package_discovery:Crawling recursively for packages in '/home/unitree/Go2/unitree_ros2/my_go2_launch'
[0.165s] Level 1:colcon.colcon_core.package_identification:_identify(.) by extensions ['ignore', 'ignore_ament_install']
[0.165s] Level 1:colcon.colcon_core.package_identification:_identify(.) by extension 'ignore'
[0.165s] Level 1:colcon.colcon_core.package_identification:_identify(.) by extension 'ignore_ament_install'
[0.165s] Level 1:colcon.colcon_core.package_identification:_identify(.) by extensions ['colcon_pkg']
[0.165s] Level 1:colcon.colcon_core.package_identification:_identify(.) by extension 'colcon_pkg'
[0.165s] Level 1:colcon.colcon_core.package_identification:_identify(.) by extensions ['colcon_meta']
[0.165s] Level 1:colcon.colcon_core.package_identification:_identify(.) by extension 'colcon_meta'
[0.165s] Level 1:colcon.colcon_core.package_identification:_identify(.) by extensions ['ros']
[0.165s] Level 1:colcon.colcon_core.package_identification:_identify(.) by extension 'ros'
[0.180s] DEBUG:colcon.colcon_core.package_identification:Package '.' with type 'ros.ament_python' and name 'my_go2_launch'
[0.180s] Level 1:colcon.colcon_core.package_discovery:discover_packages(recursive) using defaults
[0.180s] Level 1:colcon.colcon_core.package_discovery:discover_packages(ignore) discover
[0.180s] Level 1:colcon.colcon_core.package_discovery:discover_packages(ignore) using defaults
[0.180s] Level 1:colcon.colcon_core.package_discovery:discover_packages(path) discover
[0.180s] Level 1:colcon.colcon_core.package_discovery:discover_packages(path) using defaults
[0.191s] Level 5:colcon.colcon_core.verb:set package 'my_go2_launch' build argument 'cmake_args' from command line to 'None'
[0.191s] Level 5:colcon.colcon_core.verb:set package 'my_go2_launch' build argument 'cmake_target' from command line to 'None'
[0.191s] Level 5:colcon.colcon_core.verb:set package 'my_go2_launch' build argument 'cmake_target_skip_unavailable' from command line to 'False'
[0.191s] Level 5:colcon.colcon_core.verb:set package 'my_go2_launch' build argument 'cmake_clean_cache' from command line to 'False'
[0.191s] Level 5:colcon.colcon_core.verb:set package 'my_go2_launch' build argument 'cmake_clean_first' from command line to 'False'
[0.191s] Level 5:colcon.colcon_core.verb:set package 'my_go2_launch' build argument 'cmake_force_configure' from command line to 'False'
[0.191s] Level 5:colcon.colcon_core.verb:set package 'my_go2_launch' build argument 'ament_cmake_args' from command line to 'None'
[0.191s] Level 5:colcon.colcon_core.verb:set package 'my_go2_launch' build argument 'catkin_cmake_args' from command line to 'None'
[0.191s] Level 5:colcon.colcon_core.verb:set package 'my_go2_launch' build argument 'catkin_skip_building_tests' from command line to 'False'
[0.191s] DEBUG:colcon.colcon_core.verb:Building package 'my_go2_launch' with the following arguments: {'ament_cmake_args': None, 'build_base': '/home/unitree/Go2/unitree_ros2/my_go2_launch/build/my_go2_launch', 'catkin_cmake_args': None, 'catkin_skip_building_tests': False, 'cmake_args': None, 'cmake_clean_cache': False, 'cmake_clean_first': False, 'cmake_force_configure': False, 'cmake_target': None, 'cmake_target_skip_unavailable': False, 'install_base': '/home/unitree/Go2/unitree_ros2/my_go2_launch/install/my_go2_launch', 'merge_install': False, 'path': '/home/unitree/Go2/unitree_ros2/my_go2_launch', 'symlink_install': False, 'test_result_base': None}
[0.191s] INFO:colcon.colcon_core.executor:Executing jobs using 'parallel' executor
[0.193s] DEBUG:colcon.colcon_parallel_executor.executor.parallel:run_until_complete
[0.193s] INFO:colcon.colcon_ros.task.ament_python.build:Building ROS package in '/home/unitree/Go2/unitree_ros2/my_go2_launch' with build type 'ament_python'
[0.193s] Level 1:colcon.colcon_core.shell:create_environment_hook('my_go2_launch', 'ament_prefix_path')
[0.196s] INFO:colcon.colcon_core.plugin_system:Skipping extension 'colcon_core.shell.bat': Not used on non-Windows systems
[0.196s] INFO:colcon.colcon_core.shell:Creating environment hook '/home/unitree/Go2/unitree_ros2/my_go2_launch/install/my_go2_launch/share/my_go2_launch/hook/ament_prefix_path.ps1'
[0.197s] INFO:colcon.colcon_core.shell:Creating environment descriptor '/home/unitree/Go2/unitree_ros2/my_go2_launch/install/my_go2_launch/share/my_go2_launch/hook/ament_prefix_path.dsv'
[0.197s] INFO:colcon.colcon_core.shell:Creating environment hook '/home/unitree/Go2/unitree_ros2/my_go2_launch/install/my_go2_launch/share/my_go2_launch/hook/ament_prefix_path.sh'
[0.198s] INFO:colcon.colcon_core.shell:Skip shell extension 'powershell' for command environment: Not usable outside of PowerShell
[0.198s] DEBUG:colcon.colcon_core.shell:Skip shell extension 'dsv' for command environment
[0.322s] INFO:colcon.colcon_core.task.python.build:Building Python package in '/home/unitree/Go2/unitree_ros2/my_go2_launch'
[0.323s] INFO:colcon.colcon_core.shell:Skip shell extension 'powershell' for command environment: Not usable outside of PowerShell
[0.323s] DEBUG:colcon.colcon_core.shell:Skip shell extension 'dsv' for command environment
[0.522s] DEBUG:colcon.colcon_core.event_handler.log_command:Invoking command in '/home/unitree/Go2/unitree_ros2/my_go2_launch': PYTHONPATH=/home/unitree/Go2/unitree_ros2/my_go2_launch/build/my_go2_launch/prefix_override:/home/unitree/Go2/unitree_ros2/my_go2_launch/install/my_go2_launch/lib/python3.8/site-packages:${PYTHONPATH} /usr/bin/python3 setup.py egg_info --egg-base build/my_go2_launch build --build-base /home/unitree/Go2/unitree_ros2/my_go2_launch/build/my_go2_launch/build install --record /home/unitree/Go2/unitree_ros2/my_go2_launch/build/my_go2_launch/install.log --install-scripts $base/lib/my_go2_launch --single-version-externally-managed
[0.684s] DEBUG:colcon.colcon_core.event_handler.log_command:Invoked command in '/home/unitree/Go2/unitree_ros2/my_go2_launch' returned '0': PYTHONPATH=/home/unitree/Go2/unitree_ros2/my_go2_launch/build/my_go2_launch/prefix_override:/home/unitree/Go2/unitree_ros2/my_go2_launch/install/my_go2_launch/lib/python3.8/site-packages:${PYTHONPATH} /usr/bin/python3 setup.py egg_info --egg-base build/my_go2_launch build --build-base /home/unitree/Go2/unitree_ros2/my_go2_launch/build/my_go2_launch/build install --record /home/unitree/Go2/unitree_ros2/my_go2_launch/build/my_go2_launch/install.log --install-scripts $base/lib/my_go2_launch --single-version-externally-managed
[0.687s] Level 1:colcon.colcon_core.environment:checking '/home/unitree/Go2/unitree_ros2/my_go2_launch/install/my_go2_launch' for CMake module files
[0.687s] Level 1:colcon.colcon_core.environment:checking '/home/unitree/Go2/unitree_ros2/my_go2_launch/install/my_go2_launch' for CMake config files
[0.688s] Level 1:colcon.colcon_core.environment:checking '/home/unitree/Go2/unitree_ros2/my_go2_launch/install/my_go2_launch/lib'
[0.688s] Level 1:colcon.colcon_core.environment:checking '/home/unitree/Go2/unitree_ros2/my_go2_launch/install/my_go2_launch/bin'
[0.688s] Level 1:colcon.colcon_core.environment:checking '/home/unitree/Go2/unitree_ros2/my_go2_launch/install/my_go2_launch/lib/pkgconfig/my_go2_launch.pc'
[0.688s] Level 1:colcon.colcon_core.environment:checking '/home/unitree/Go2/unitree_ros2/my_go2_launch/install/my_go2_launch/lib/python3.8/site-packages'
[0.688s] Level 1:colcon.colcon_core.shell:create_environment_hook('my_go2_launch', 'pythonpath')
[0.689s] INFO:colcon.colcon_core.shell:Creating environment hook '/home/unitree/Go2/unitree_ros2/my_go2_launch/install/my_go2_launch/share/my_go2_launch/hook/pythonpath.ps1'
[0.689s] INFO:colcon.colcon_core.shell:Creating environment descriptor '/home/unitree/Go2/unitree_ros2/my_go2_launch/install/my_go2_launch/share/my_go2_launch/hook/pythonpath.dsv'
[0.689s] INFO:colcon.colcon_core.shell:Creating environment hook '/home/unitree/Go2/unitree_ros2/my_go2_launch/install/my_go2_launch/share/my_go2_launch/hook/pythonpath.sh'
[0.689s] Level 1:colcon.colcon_core.environment:checking '/home/unitree/Go2/unitree_ros2/my_go2_launch/install/my_go2_launch/bin'
[0.689s] Level 1:colcon.colcon_core.environment:create_environment_scripts_only(my_go2_launch)
[0.690s] INFO:colcon.colcon_core.shell:Creating package script '/home/unitree/Go2/unitree_ros2/my_go2_launch/install/my_go2_launch/share/my_go2_launch/package.ps1'
[0.690s] INFO:colcon.colcon_core.shell:Creating package descriptor '/home/unitree/Go2/unitree_ros2/my_go2_launch/install/my_go2_launch/share/my_go2_launch/package.dsv'
[0.691s] INFO:colcon.colcon_core.shell:Creating package script '/home/unitree/Go2/unitree_ros2/my_go2_launch/install/my_go2_launch/share/my_go2_launch/package.sh'
[0.691s] INFO:colcon.colcon_core.shell:Creating package script '/home/unitree/Go2/unitree_ros2/my_go2_launch/install/my_go2_launch/share/my_go2_launch/package.bash'
[0.691s] INFO:colcon.colcon_core.shell:Creating package script '/home/unitree/Go2/unitree_ros2/my_go2_launch/install/my_go2_launch/share/my_go2_launch/package.zsh'
[0.692s] Level 1:colcon.colcon_core.environment:create_file_with_runtime_dependencies(/home/unitree/Go2/unitree_ros2/my_go2_launch/install/my_go2_launch/share/colcon-core/packages/my_go2_launch)
[0.692s] DEBUG:colcon.colcon_parallel_executor.executor.parallel:closing loop
[0.692s] DEBUG:colcon.colcon_parallel_executor.executor.parallel:loop closed
[0.692s] DEBUG:colcon.colcon_parallel_executor.executor.parallel:run_until_complete finished with '0'
[0.692s] DEBUG:colcon.colcon_core.event_reactor:joining thread
[0.696s] INFO:colcon.colcon_core.plugin_system:Skipping extension 'colcon_notification.desktop_notification.notify_send': Could not find 'notify-send'
[0.696s] INFO:colcon.colcon_core.plugin_system:Skipping extension 'colcon_notification.desktop_notification.terminal_notifier': Not used on non-Darwin systems
[0.696s] INFO:colcon.colcon_core.plugin_system:Skipping extension 'colcon_notification.desktop_notification.win32': Not used on non-Windows systems
[0.696s] INFO:colcon.colcon_notification.desktop_notification:Sending desktop notification using 'notify2'
[0.702s] DEBUG:colcon.colcon_notification.desktop_notification.notify2:Failed to initialize notify2: org.freedesktop.DBus.Error.ServiceUnknown: The name org.freedesktop.Notifications was not provided by any .service files
[0.702s] DEBUG:colcon.colcon_core.event_reactor:joined thread
[0.703s] INFO:colcon.colcon_core.shell:Creating prefix script '/home/unitree/Go2/unitree_ros2/my_go2_launch/install/local_setup.ps1'
[0.704s] INFO:colcon.colcon_core.shell:Creating prefix util module '/home/unitree/Go2/unitree_ros2/my_go2_launch/install/_local_setup_util_ps1.py'
[0.705s] INFO:colcon.colcon_core.shell:Creating prefix chain script '/home/unitree/Go2/unitree_ros2/my_go2_launch/install/setup.ps1'
[0.706s] INFO:colcon.colcon_core.shell:Creating prefix script '/home/unitree/Go2/unitree_ros2/my_go2_launch/install/local_setup.sh'
[0.706s] INFO:colcon.colcon_core.shell:Creating prefix util module '/home/unitree/Go2/unitree_ros2/my_go2_launch/install/_local_setup_util_sh.py'
[0.706s] INFO:colcon.colcon_core.shell:Creating prefix chain script '/home/unitree/Go2/unitree_ros2/my_go2_launch/install/setup.sh'
[0.707s] INFO:colcon.colcon_core.shell:Creating prefix script '/home/unitree/Go2/unitree_ros2/my_go2_launch/install/local_setup.bash'
[0.707s] INFO:colcon.colcon_core.shell:Creating prefix chain script '/home/unitree/Go2/unitree_ros2/my_go2_launch/install/setup.bash'
[0.708s] INFO:colcon.colcon_core.shell:Creating prefix script '/home/unitree/Go2/unitree_ros2/my_go2_launch/install/local_setup.zsh'
[0.708s] INFO:colcon.colcon_core.shell:Creating prefix chain script '/home/unitree/Go2/unitree_ros2/my_go2_launch/install/setup.zsh'
