running egg_info
creating build/my_go2_launch/my_go2_launch.egg-info
writing build/my_go2_launch/my_go2_launch.egg-info/PKG-INFO
writing dependency_links to build/my_go2_launch/my_go2_launch.egg-info/dependency_links.txt
writing entry points to build/my_go2_launch/my_go2_launch.egg-info/entry_points.txt
writing requirements to build/my_go2_launch/my_go2_launch.egg-info/requires.txt
writing top-level names to build/my_go2_launch/my_go2_launch.egg-info/top_level.txt
writing manifest file 'build/my_go2_launch/my_go2_launch.egg-info/SOURCES.txt'
reading manifest file 'build/my_go2_launch/my_go2_launch.egg-info/SOURCES.txt'
writing manifest file 'build/my_go2_launch/my_go2_launch.egg-info/SOURCES.txt'
running build
running build_py
creating /home/unitree/Go2/unitree_ros2/my_go2_launch/build/my_go2_launch/build
creating /home/unitree/Go2/unitree_ros2/my_go2_launch/build/my_go2_launch/build/lib
creating /home/unitree/Go2/unitree_ros2/my_go2_launch/build/my_go2_launch/build/lib/my_go2_launch
copying my_go2_launch/pointcloud_to_laserscan_custom.py -> /home/unitree/Go2/unitree_ros2/my_go2_launch/build/my_go2_launch/build/lib/my_go2_launch
copying my_go2_launch/__init__.py -> /home/unitree/Go2/unitree_ros2/my_go2_launch/build/my_go2_launch/build/lib/my_go2_launch
running install
running install_lib
creating /home/unitree/Go2/unitree_ros2/my_go2_launch/install/my_go2_launch/lib/python3.8/site-packages/my_go2_launch
copying /home/unitree/Go2/unitree_ros2/my_go2_launch/build/my_go2_launch/build/lib/my_go2_launch/pointcloud_to_laserscan_custom.py -> /home/unitree/Go2/unitree_ros2/my_go2_launch/install/my_go2_launch/lib/python3.8/site-packages/my_go2_launch
copying /home/unitree/Go2/unitree_ros2/my_go2_launch/build/my_go2_launch/build/lib/my_go2_launch/__init__.py -> /home/unitree/Go2/unitree_ros2/my_go2_launch/install/my_go2_launch/lib/python3.8/site-packages/my_go2_launch
byte-compiling /home/unitree/Go2/unitree_ros2/my_go2_launch/install/my_go2_launch/lib/python3.8/site-packages/my_go2_launch/pointcloud_to_laserscan_custom.py to pointcloud_to_laserscan_custom.cpython-38.pyc
byte-compiling /home/unitree/Go2/unitree_ros2/my_go2_launch/install/my_go2_launch/lib/python3.8/site-packages/my_go2_launch/__init__.py to __init__.cpython-38.pyc
running install_data
creating /home/unitree/Go2/unitree_ros2/my_go2_launch/install/my_go2_launch/share/ament_index
creating /home/unitree/Go2/unitree_ros2/my_go2_launch/install/my_go2_launch/share/ament_index/resource_index
creating /home/unitree/Go2/unitree_ros2/my_go2_launch/install/my_go2_launch/share/ament_index/resource_index/packages
copying resource/my_go2_launch -> /home/unitree/Go2/unitree_ros2/my_go2_launch/install/my_go2_launch/share/ament_index/resource_index/packages
copying package.xml -> /home/unitree/Go2/unitree_ros2/my_go2_launch/install/my_go2_launch/share/my_go2_launch
creating /home/unitree/Go2/unitree_ros2/my_go2_launch/install/my_go2_launch/share/my_go2_launch/launch
copying launch/pointcloud_to_laserscan.launch.py -> /home/unitree/Go2/unitree_ros2/my_go2_launch/install/my_go2_launch/share/my_go2_launch/launch
running install_egg_info
Copying build/my_go2_launch/my_go2_launch.egg-info to /home/unitree/Go2/unitree_ros2/my_go2_launch/install/my_go2_launch/lib/python3.8/site-packages/my_go2_launch-0.0.0-py3.8.egg-info
running install_scripts
Installing pointcloud_to_laserscan_custom script to /home/unitree/Go2/unitree_ros2/my_go2_launch/install/my_go2_launch/lib/my_go2_launch
writing list of installed files to '/home/unitree/Go2/unitree_ros2/my_go2_launch/build/my_go2_launch/install.log'
