[0.328s] Invoking command in '/home/unitree/Go2/unitree_ros2/my_go2_launch': PYTHONPATH=/home/unitree/Go2/unitree_ros2/my_go2_launch/build/my_go2_launch/prefix_override:/home/unitree/Go2/unitree_ros2/my_go2_launch/install/my_go2_launch/lib/python3.8/site-packages:${PYTHONPATH} /usr/bin/python3 setup.py egg_info --egg-base build/my_go2_launch build --build-base /home/unitree/Go2/unitree_ros2/my_go2_launch/build/my_go2_launch/build install --record /home/unitree/Go2/unitree_ros2/my_go2_launch/build/my_go2_launch/install.log --install-scripts $base/lib/my_go2_launch --single-version-externally-managed
[0.435s] running egg_info
[0.435s] creating build/my_go2_launch/my_go2_launch.egg-info
[0.435s] writing build/my_go2_launch/my_go2_launch.egg-info/PKG-INFO
[0.435s] writing dependency_links to build/my_go2_launch/my_go2_launch.egg-info/dependency_links.txt
[0.435s] writing entry points to build/my_go2_launch/my_go2_launch.egg-info/entry_points.txt
[0.435s] writing requirements to build/my_go2_launch/my_go2_launch.egg-info/requires.txt
[0.435s] writing top-level names to build/my_go2_launch/my_go2_launch.egg-info/top_level.txt
[0.436s] writing manifest file 'build/my_go2_launch/my_go2_launch.egg-info/SOURCES.txt'
[0.456s] reading manifest file 'build/my_go2_launch/my_go2_launch.egg-info/SOURCES.txt'
[0.456s] writing manifest file 'build/my_go2_launch/my_go2_launch.egg-info/SOURCES.txt'
[0.456s] running build
[0.456s] running build_py
[0.456s] creating /home/unitree/Go2/unitree_ros2/my_go2_launch/build/my_go2_launch/build
[0.456s] creating /home/unitree/Go2/unitree_ros2/my_go2_launch/build/my_go2_launch/build/lib
[0.457s] creating /home/unitree/Go2/unitree_ros2/my_go2_launch/build/my_go2_launch/build/lib/my_go2_launch
[0.457s] copying my_go2_launch/pointcloud_to_laserscan_custom.py -> /home/unitree/Go2/unitree_ros2/my_go2_launch/build/my_go2_launch/build/lib/my_go2_launch
[0.457s] copying my_go2_launch/__init__.py -> /home/unitree/Go2/unitree_ros2/my_go2_launch/build/my_go2_launch/build/lib/my_go2_launch
[0.457s] running install
[0.457s] running install_lib
[0.457s] creating /home/unitree/Go2/unitree_ros2/my_go2_launch/install/my_go2_launch/lib/python3.8/site-packages/my_go2_launch
[0.458s] copying /home/unitree/Go2/unitree_ros2/my_go2_launch/build/my_go2_launch/build/lib/my_go2_launch/pointcloud_to_laserscan_custom.py -> /home/unitree/Go2/unitree_ros2/my_go2_launch/install/my_go2_launch/lib/python3.8/site-packages/my_go2_launch
[0.458s] copying /home/unitree/Go2/unitree_ros2/my_go2_launch/build/my_go2_launch/build/lib/my_go2_launch/__init__.py -> /home/unitree/Go2/unitree_ros2/my_go2_launch/install/my_go2_launch/lib/python3.8/site-packages/my_go2_launch
[0.458s] byte-compiling /home/unitree/Go2/unitree_ros2/my_go2_launch/install/my_go2_launch/lib/python3.8/site-packages/my_go2_launch/pointcloud_to_laserscan_custom.py to pointcloud_to_laserscan_custom.cpython-38.pyc
[0.459s] byte-compiling /home/unitree/Go2/unitree_ros2/my_go2_launch/install/my_go2_launch/lib/python3.8/site-packages/my_go2_launch/__init__.py to __init__.cpython-38.pyc
[0.459s] running install_data
[0.459s] creating /home/unitree/Go2/unitree_ros2/my_go2_launch/install/my_go2_launch/share/ament_index
[0.459s] creating /home/unitree/Go2/unitree_ros2/my_go2_launch/install/my_go2_launch/share/ament_index/resource_index
[0.459s] creating /home/unitree/Go2/unitree_ros2/my_go2_launch/install/my_go2_launch/share/ament_index/resource_index/packages
[0.459s] copying resource/my_go2_launch -> /home/unitree/Go2/unitree_ros2/my_go2_launch/install/my_go2_launch/share/ament_index/resource_index/packages
[0.459s] copying package.xml -> /home/unitree/Go2/unitree_ros2/my_go2_launch/install/my_go2_launch/share/my_go2_launch
[0.459s] creating /home/unitree/Go2/unitree_ros2/my_go2_launch/install/my_go2_launch/share/my_go2_launch/launch
[0.459s] copying launch/pointcloud_to_laserscan.launch.py -> /home/unitree/Go2/unitree_ros2/my_go2_launch/install/my_go2_launch/share/my_go2_launch/launch
[0.460s] running install_egg_info
[0.460s] Copying build/my_go2_launch/my_go2_launch.egg-info to /home/unitree/Go2/unitree_ros2/my_go2_launch/install/my_go2_launch/lib/python3.8/site-packages/my_go2_launch-0.0.0-py3.8.egg-info
[0.461s] running install_scripts
[0.473s] Installing pointcloud_to_laserscan_custom script to /home/unitree/Go2/unitree_ros2/my_go2_launch/install/my_go2_launch/lib/my_go2_launch
[0.473s] writing list of installed files to '/home/unitree/Go2/unitree_ros2/my_go2_launch/build/my_go2_launch/install.log'
[0.491s] Invoked command in '/home/unitree/Go2/unitree_ros2/my_go2_launch' returned '0': PYTHONPATH=/home/unitree/Go2/unitree_ros2/my_go2_launch/build/my_go2_launch/prefix_override:/home/unitree/Go2/unitree_ros2/my_go2_launch/install/my_go2_launch/lib/python3.8/site-packages:${PYTHONPATH} /usr/bin/python3 setup.py egg_info --egg-base build/my_go2_launch build --build-base /home/unitree/Go2/unitree_ros2/my_go2_launch/build/my_go2_launch/build install --record /home/unitree/Go2/unitree_ros2/my_go2_launch/build/my_go2_launch/install.log --install-scripts $base/lib/my_go2_launch --single-version-externally-managed
